<?xml version="1.0" encoding="UTF-8"?>
<coverage generated="1656349217075" clover="3.2.0">
  <project timestamp="1656349217075" name="All files">
    <metrics statements="143" coveredstatements="118" conditionals="10" coveredconditionals="4" methods="15" coveredmethods="13" elements="168" coveredelements="135" complexity="0" loc="143" ncloc="143" packages="6" files="11" classes="11"/>
    <package name="api">
      <metrics statements="36" coveredstatements="32" conditionals="4" coveredconditionals="2" methods="3" coveredmethods="3"/>
      <file name="app.js" path="/home/tommyhacker/Desktop/coding/futureproof/project_week_2/real-server/callback-cats-server/api/app.js">
        <metrics statements="15" coveredstatements="15" conditionals="0" coveredconditionals="0" methods="1" coveredmethods="1"/>
        <line num="1" count="1" type="stmt"/>
        <line num="2" count="1" type="stmt"/>
        <line num="3" count="1" type="stmt"/>
        <line num="4" count="1" type="stmt"/>
        <line num="5" count="1" type="stmt"/>
        <line num="7" count="1" type="stmt"/>
        <line num="8" count="1" type="stmt"/>
        <line num="9" count="1" type="stmt"/>
        <line num="17" count="1" type="stmt"/>
        <line num="18" count="1" type="stmt"/>
        <line num="20" count="1" type="stmt"/>
        <line num="22" count="1" type="stmt"/>
        <line num="24" count="1" type="stmt"/>
        <line num="25" count="3" type="stmt"/>
        <line num="28" count="1" type="stmt"/>
      </file>
      <file name="database.js" path="/home/tommyhacker/Desktop/coding/futureproof/project_week_2/real-server/callback-cats-server/api/database.js">
        <metrics statements="21" coveredstatements="17" conditionals="4" coveredconditionals="2" methods="2" coveredmethods="2"/>
        <line num="1" count="1" type="stmt"/>
        <line num="3" count="1" type="stmt"/>
        <line num="4" count="1" type="stmt"/>
        <line num="6" count="1" type="stmt"/>
        <line num="7" count="1" type="stmt"/>
        <line num="8" count="1" type="stmt"/>
        <line num="9" count="1" type="cond" truecount="1" falsecount="1"/>
        <line num="10" count="1" type="stmt"/>
        <line num="11" count="1" type="stmt"/>
        <line num="14" count="1" type="stmt"/>
        <line num="16" count="1" type="stmt"/>
        <line num="18" count="0" type="stmt"/>
        <line num="19" count="0" type="stmt"/>
        <line num="23" count="1" type="stmt"/>
        <line num="24" count="1" type="stmt"/>
        <line num="25" count="1" type="stmt"/>
        <line num="26" count="1" type="cond" truecount="1" falsecount="1"/>
        <line num="27" count="1" type="stmt"/>
        <line num="30" count="0" type="stmt"/>
        <line num="31" count="0" type="stmt"/>
        <line num="35" count="1" type="stmt"/>
      </file>
    </package>
    <package name="api.controllers">
      <metrics statements="44" coveredstatements="28" conditionals="4" coveredconditionals="1" methods="6" coveredmethods="4"/>
      <file name="habits.js" path="/home/tommyhacker/Desktop/coding/futureproof/project_week_2/real-server/callback-cats-server/api/controllers/habits.js">
        <metrics statements="9" coveredstatements="3" conditionals="0" coveredconditionals="0" methods="1" coveredmethods="0"/>
        <line num="1" count="1" type="stmt"/>
        <line num="2" count="1" type="stmt"/>
        <line num="7" count="0" type="stmt"/>
        <line num="8" count="0" type="stmt"/>
        <line num="9" count="0" type="stmt"/>
        <line num="11" count="0" type="stmt"/>
        <line num="15" count="0" type="stmt"/>
        <line num="20" count="0" type="stmt"/>
        <line num="72" count="1" type="stmt"/>
      </file>
      <file name="users.js" path="/home/tommyhacker/Desktop/coding/futureproof/project_week_2/real-server/callback-cats-server/api/controllers/users.js">
        <metrics statements="35" coveredstatements="25" conditionals="4" coveredconditionals="1" methods="5" coveredmethods="4"/>
        <line num="1" count="1" type="stmt"/>
        <line num="2" count="1" type="stmt"/>
        <line num="7" count="1" type="stmt"/>
        <line num="12" count="7" type="stmt"/>
        <line num="13" count="7" type="stmt"/>
        <line num="16" count="7" type="stmt"/>
        <line num="18" count="7" type="stmt"/>
        <line num="20" count="7" type="stmt"/>
        <line num="22" count="1" type="stmt"/>
        <line num="28" count="6" type="stmt"/>
        <line num="33" count="6" type="stmt"/>
        <line num="34" count="6" type="stmt"/>
        <line num="35" count="6" type="stmt"/>
        <line num="38" count="6" type="stmt"/>
        <line num="40" count="5" type="cond" truecount="1" falsecount="1"/>
        <line num="42" count="5" type="stmt"/>
        <line num="43" count="5" type="stmt"/>
        <line num="50" count="1" type="stmt"/>
        <line num="58" count="1" type="stmt"/>
        <line num="59" count="1" type="stmt"/>
        <line num="60" count="1" type="stmt"/>
        <line num="66" count="0" type="stmt"/>
        <line num="73" count="1" type="stmt"/>
        <line num="74" count="1" type="stmt"/>
        <line num="75" count="1" type="stmt"/>
        <line num="86" count="0" type="stmt"/>
        <line num="93" count="0" type="stmt"/>
        <line num="94" count="0" type="stmt"/>
        <line num="95" count="0" type="stmt"/>
        <line num="97" count="0" type="cond" truecount="0" falsecount="2"/>
        <line num="98" count="0" type="stmt"/>
        <line num="99" count="0" type="stmt"/>
        <line num="100" count="0" type="stmt"/>
        <line num="105" count="0" type="stmt"/>
        <line num="109" count="1" type="stmt"/>
      </file>
    </package>
    <package name="api.helpers">
      <metrics statements="26" coveredstatements="22" conditionals="0" coveredconditionals="0" methods="5" coveredmethods="5"/>
      <file name="passwordHelpers.js" path="/home/tommyhacker/Desktop/coding/futureproof/project_week_2/real-server/callback-cats-server/api/helpers/passwordHelpers.js">
        <metrics statements="9" coveredstatements="8" conditionals="0" coveredconditionals="0" methods="2" coveredmethods="2"/>
        <line num="1" count="1" type="stmt"/>
        <line num="2" count="1" type="stmt"/>
        <line num="4" count="1" type="stmt"/>
        <line num="6" count="7" type="stmt"/>
        <line num="9" count="1" type="stmt"/>
        <line num="11" count="5" type="stmt"/>
        <line num="12" count="5" type="stmt"/>
        <line num="13" count="5" type="stmt"/>
        <line num="16" count="0" type="stmt"/>
      </file>
      <file name="tokenHelpers.js" path="/home/tommyhacker/Desktop/coding/futureproof/project_week_2/real-server/callback-cats-server/api/helpers/tokenHelpers.js">
        <metrics statements="17" coveredstatements="14" conditionals="0" coveredconditionals="0" methods="3" coveredmethods="3"/>
        <line num="1" count="1" type="stmt"/>
        <line num="4" count="1" type="stmt"/>
        <line num="5" count="5" type="stmt"/>
        <line num="6" count="5" type="stmt"/>
        <line num="7" count="5" type="stmt"/>
        <line num="9" count="0" type="stmt"/>
        <line num="10" count="0" type="stmt"/>
        <line num="15" count="1" type="stmt"/>
        <line num="16" count="4" type="stmt"/>
        <line num="17" count="4" type="stmt"/>
        <line num="18" count="0" type="stmt"/>
        <line num="20" count="4" type="stmt"/>
        <line num="25" count="1" type="stmt"/>
        <line num="26" count="5" type="stmt"/>
        <line num="27" count="5" type="stmt"/>
        <line num="29" count="3" type="stmt"/>
        <line num="31" count="2" type="stmt"/>
      </file>
    </package>
    <package name="api.middlewares">
      <metrics statements="14" coveredstatements="13" conditionals="2" coveredconditionals="1" methods="1" coveredmethods="1"/>
      <file name="gateKeeper.js" path="/home/tommyhacker/Desktop/coding/futureproof/project_week_2/real-server/callback-cats-server/api/middlewares/gateKeeper.js">
        <metrics statements="14" coveredstatements="13" conditionals="2" coveredconditionals="1" methods="1" coveredmethods="1"/>
        <line num="1" count="1" type="stmt"/>
        <line num="2" count="1" type="stmt"/>
        <line num="3" count="1" type="stmt"/>
        <line num="5" count="1" type="stmt"/>
        <line num="6" count="4" type="stmt"/>
        <line num="8" count="4" type="stmt"/>
        <line num="10" count="4" type="stmt"/>
        <line num="12" count="4" type="cond" truecount="1" falsecount="1"/>
        <line num="13" count="0" type="stmt"/>
        <line num="15" count="4" type="stmt"/>
        <line num="17" count="4" type="stmt"/>
        <line num="19" count="2" type="stmt"/>
        <line num="22" count="2" type="stmt"/>
        <line num="25" count="2" type="stmt"/>
      </file>
    </package>
    <package name="api.models">
      <metrics statements="8" coveredstatements="8" conditionals="0" coveredconditionals="0" methods="0" coveredmethods="0"/>
      <file name="habitsSchema.js" path="/home/tommyhacker/Desktop/coding/futureproof/project_week_2/real-server/callback-cats-server/api/models/habitsSchema.js">
        <metrics statements="4" coveredstatements="4" conditionals="0" coveredconditionals="0" methods="0" coveredmethods="0"/>
        <line num="1" count="1" type="stmt"/>
        <line num="2" count="1" type="stmt"/>
        <line num="4" count="1" type="stmt"/>
        <line num="55" count="1" type="stmt"/>
      </file>
      <file name="userSchema.js" path="/home/tommyhacker/Desktop/coding/futureproof/project_week_2/real-server/callback-cats-server/api/models/userSchema.js">
        <metrics statements="4" coveredstatements="4" conditionals="0" coveredconditionals="0" methods="0" coveredmethods="0"/>
        <line num="1" count="1" type="stmt"/>
        <line num="2" count="1" type="stmt"/>
        <line num="4" count="1" type="stmt"/>
        <line num="25" count="1" type="stmt"/>
      </file>
    </package>
    <package name="api.routes">
      <metrics statements="15" coveredstatements="15" conditionals="0" coveredconditionals="0" methods="0" coveredmethods="0"/>
      <file name="habits.js" path="/home/tommyhacker/Desktop/coding/futureproof/project_week_2/real-server/callback-cats-server/api/routes/habits.js">
        <metrics statements="5" coveredstatements="5" conditionals="0" coveredconditionals="0" methods="0" coveredmethods="0"/>
        <line num="1" count="1" type="stmt"/>
        <line num="2" count="1" type="stmt"/>
        <line num="4" count="1" type="stmt"/>
        <line num="6" count="1" type="stmt"/>
        <line num="11" count="1" type="stmt"/>
      </file>
      <file name="users.js" path="/home/tommyhacker/Desktop/coding/futureproof/project_week_2/real-server/callback-cats-server/api/routes/users.js">
        <metrics statements="10" coveredstatements="10" conditionals="0" coveredconditionals="0" methods="0" coveredmethods="0"/>
        <line num="1" count="1" type="stmt"/>
        <line num="2" count="1" type="stmt"/>
        <line num="3" count="1" type="stmt"/>
        <line num="9" count="1" type="stmt"/>
        <line num="11" count="1" type="stmt"/>
        <line num="12" count="1" type="stmt"/>
        <line num="13" count="1" type="stmt"/>
        <line num="14" count="1" type="stmt"/>
        <line num="15" count="1" type="stmt"/>
        <line num="17" count="1" type="stmt"/>
      </file>
    </package>
  </project>
</coverage>
