TN:
SF:app.js
FN:24,(anonymous_0)
FNF:1
FNH:1
FNDA:3,(anonymous_0)
DA:1,1
DA:2,1
DA:3,1
DA:4,1
DA:5,1
DA:7,1
DA:8,1
DA:9,1
DA:17,1
DA:18,1
DA:20,1
DA:22,1
DA:24,1
DA:25,3
DA:28,1
LF:15
LH:15
BRF:0
BRH:0
end_of_record
TN:
SF:database.js
FN:6,(anonymous_0)
FN:23,(anonymous_1)
FNF:2
FNH:2
FNDA:1,(anonymous_0)
FNDA:1,(anonymous_1)
DA:1,1
DA:3,1
DA:4,1
DA:6,1
DA:7,1
DA:8,1
DA:9,1
DA:10,1
DA:11,1
DA:14,1
DA:16,1
DA:18,0
DA:19,0
DA:23,1
DA:24,1
DA:25,1
DA:26,1
DA:27,1
DA:30,0
DA:31,0
DA:35,1
LF:21
LH:17
BRDA:9,0,0,1
BRDA:9,0,1,0
BRDA:26,1,0,1
BRDA:26,1,1,0
BRF:4
BRH:2
end_of_record
TN:
SF:controllers/habits.js
FN:6,create
FNF:1
FNH:0
FNDA:0,create
DA:1,1
DA:2,1
DA:7,0
DA:8,0
DA:9,0
DA:11,0
DA:15,0
DA:20,0
DA:72,1
LF:9
LH:3
BRF:0
BRH:0
end_of_record
TN:
SF:controllers/users.js
FN:11,create
FN:32,login
FN:57,findAll
FN:72,findById
FN:92,deleteById
FNF:5
FNH:4
FNDA:7,create
FNDA:6,login
FNDA:1,findAll
FNDA:1,findById
FNDA:0,deleteById
DA:1,1
DA:2,1
DA:7,1
DA:12,7
DA:13,7
DA:16,7
DA:18,7
DA:20,7
DA:22,1
DA:28,6
DA:33,6
DA:34,6
DA:35,6
DA:38,6
DA:40,5
DA:42,5
DA:43,5
DA:50,1
DA:58,1
DA:59,1
DA:60,1
DA:66,0
DA:73,1
DA:74,1
DA:75,1
DA:86,0
DA:93,0
DA:94,0
DA:95,0
DA:97,0
DA:98,0
DA:99,0
DA:100,0
DA:105,0
DA:109,1
LF:35
LH:25
BRDA:40,0,0,5
BRDA:40,0,1,0
BRDA:97,1,0,0
BRDA:97,1,1,0
BRF:4
BRH:1
end_of_record
TN:
SF:helpers/passwordHelpers.js
FN:4,(anonymous_0)
FN:9,(anonymous_1)
FNF:2
FNH:2
FNDA:7,(anonymous_0)
FNDA:5,(anonymous_1)
DA:1,1
DA:2,1
DA:4,1
DA:6,7
DA:9,1
DA:11,5
DA:12,5
DA:13,5
DA:16,0
LF:9
LH:8
BRF:0
BRH:0
end_of_record
TN:
SF:helpers/tokenHelpers.js
FN:4,(anonymous_0)
FN:15,(anonymous_1)
FN:25,(anonymous_2)
FNF:3
FNH:3
FNDA:5,(anonymous_0)
FNDA:4,(anonymous_1)
FNDA:5,(anonymous_2)
DA:1,1
DA:4,1
DA:5,5
DA:6,5
DA:7,5
DA:9,0
DA:10,0
DA:15,1
DA:16,4
DA:17,4
DA:18,0
DA:20,4
DA:25,1
DA:26,5
DA:27,5
DA:29,3
DA:31,2
LF:17
LH:14
BRF:0
BRH:0
end_of_record
TN:
SF:middlewares/gateKeeper.js
FN:5,(anonymous_0)
FNF:1
FNH:1
FNDA:4,(anonymous_0)
DA:1,1
DA:2,1
DA:3,1
DA:5,1
DA:6,4
DA:8,4
DA:10,4
DA:12,4
DA:13,0
DA:15,4
DA:17,4
DA:19,2
DA:22,2
DA:25,2
LF:14
LH:13
BRDA:12,0,0,0
BRDA:12,0,1,4
BRF:2
BRH:1
end_of_record
TN:
SF:models/habitsSchema.js
FNF:0
FNH:0
DA:1,1
DA:2,1
DA:4,1
DA:55,1
LF:4
LH:4
BRF:0
BRH:0
end_of_record
TN:
SF:models/userSchema.js
FNF:0
FNH:0
DA:1,1
DA:2,1
DA:4,1
DA:25,1
LF:4
LH:4
BRF:0
BRH:0
end_of_record
TN:
SF:routes/habits.js
FNF:0
FNH:0
DA:1,1
DA:2,1
DA:4,1
DA:6,1
DA:11,1
LF:5
LH:5
BRF:0
BRH:0
end_of_record
TN:
SF:routes/users.js
FNF:0
FNH:0
DA:1,1
DA:2,1
DA:3,1
DA:9,1
DA:11,1
DA:12,1
DA:13,1
DA:14,1
DA:15,1
DA:17,1
LF:10
LH:10
BRF:0
BRH:0
end_of_record
